<?xml version="1.0" encoding="UTF-8"?>
<testng-results ignored="0" total="1" passed="1" failed="0" skipped="0">
  <reporter-output>
  </reporter-output>
  <suite started-at="2024-04-19T18:21:28 IST" name="Default suite" finished-at="2024-04-19T18:22:46 IST" duration-ms="77409">
    <groups>
    </groups>
    <test started-at="2024-04-19T18:21:28 IST" name="Default test" finished-at="2024-04-19T18:22:46 IST" duration-ms="77409">
      <class name="test_Scripts.HM001">
        <test-method is-config="true" signature="beforeSuite()[pri:0, instance:test_Scripts.HM001@5386659f]" started-at="2024-04-19T18:21:28 IST" name="beforeSuite" finished-at="2024-04-19T18:21:28 IST" duration-ms="252" status="PASS">
          <reporter-output>
          </reporter-output>
        </test-method> <!-- beforeSuite -->
        <test-method is-config="true" signature="browserSetup()[pri:0, instance:test_Scripts.HM001@5386659f]" started-at="2024-04-19T18:21:28 IST" name="browserSetup" finished-at="2024-04-19T18:21:28 IST" duration-ms="0" status="PASS">
          <reporter-output>
          </reporter-output>
        </test-method> <!-- browserSetup -->
        <test-method signature="Ascore()[pri:1, instance:test_Scripts.HM001@5386659f]" started-at="2024-04-19T18:21:28 IST" name="Ascore" finished-at="2024-04-19T18:22:46 IST" duration-ms="77379" status="PASS">
          <reporter-output>
          </reporter-output>
        </test-method> <!-- Ascore -->
        <test-method is-config="true" signature="CloseApp()[pri:0, instance:test_Scripts.HM001@5386659f]" started-at="2024-04-19T18:22:46 IST" name="CloseApp" finished-at="2024-04-19T18:22:46 IST" duration-ms="1" status="PASS">
          <reporter-output>
          </reporter-output>
        </test-method> <!-- CloseApp -->
        <test-method is-config="true" signature="afterSuite()[pri:0, instance:test_Scripts.HM001@5386659f]" started-at="2024-04-19T18:22:46 IST" name="afterSuite" finished-at="2024-04-19T18:22:46 IST" duration-ms="489" status="PASS">
          <reporter-output>
          </reporter-output>
        </test-method> <!-- afterSuite -->
      </class> <!-- test_Scripts.HM001 -->
    </test> <!-- Default test -->
  </suite> <!-- Default suite -->
</testng-results>
